  GameState.cpp
C:\Dev\Shawarma.is Game\Game\GameState.cpp(49,92): warning C4244: 'argument': conversion from 'T' to 'T', possible loss of data
          with
          [
              T=int
          ]
          and
          [
              T=float
          ]
C:\Dev\Shawarma.is Game\Game\GameState.cpp(49,61): warning C4244: 'argument': conversion from 'T' to 'T', possible loss of data
          with
          [
              T=int
          ]
          and
          [
              T=float
          ]
C:\Dev\Shawarma.is Game\Game\GameState.cpp(63,32): warning C4244: 'argument': conversion from 'unsigned int' to 'float', possible loss of data
C:\Dev\Shawarma.is Game\Game\GameState.cpp(64,66): warning C4244: 'argument': conversion from 'int' to 'float', possible loss of data
C:\Dev\Shawarma.is Game\Game\GameState.cpp(64,35): warning C4244: 'argument': conversion from 'int' to 'float', possible loss of data
C:\Dev\Shawarma.is Game\Game\GameState.cpp(70,85): warning C4244: 'argument': conversion from 'T' to 'float', possible loss of data
          with
          [
              T=unsigned int
          ]
C:\Dev\Shawarma.is Game\Game\GameState.cpp(70,47): warning C4244: 'argument': conversion from 'T' to 'float', possible loss of data
          with
          [
              T=unsigned int
          ]
C:\Dev\Shawarma.is Game\Game\GameState.cpp(88,40): warning C4244: 'argument': conversion from 'unsigned int' to 'float', possible loss of data
C:\Dev\Shawarma.is Game\Game\GameState.cpp(161,38): warning C4244: 'argument': conversion from 'unsigned int' to 'float', possible loss of data
  Generating code
  2 of 759 functions ( 0.3%) were compiled, the rest were copied from previous compilation.
    0 functions were new in current compilation
    1 functions had inline decision re-evaluated but remain unchanged
  Finished generating code
  Game.vcxproj -> C:\Dev\Shawarma.is Game\Release\Game.exe
