c:\dev\shawarma.is game\game\release\vc142.pdb
c:\dev\shawarma.is game\game\release\shawarma.obj
c:\dev\shawarma.is game\game\release\mainmenustate.obj
c:\dev\shawarma.is game\game\release\main.obj
c:\dev\shawarma.is game\game\release\gamestate.obj
c:\dev\shawarma.is game\game\release\game.obj
c:\dev\shawarma.is game\game\release\player.obj
c:\dev\shawarma.is game\game\release\button.obj
c:\dev\shawarma.is game\game\release\state.obj
c:\dev\shawarma.is game\game\release\charactersstate.obj
c:\dev\shawarma.is game\game\release\game.res
c:\dev\shawarma.is game\game\release\game.ipdb
c:\dev\shawarma.is game\game\release\game.iobj
c:\dev\shawarma.is game\release\game.pdb
c:\dev\shawarma.is game\game\release\game.tlog\cl.command.1.tlog
c:\dev\shawarma.is game\game\release\game.tlog\cl.read.1.tlog
c:\dev\shawarma.is game\game\release\game.tlog\cl.write.1.tlog
c:\dev\shawarma.is game\game\release\game.tlog\link.command.1.tlog
c:\dev\shawarma.is game\game\release\game.tlog\link.read.1.tlog
c:\dev\shawarma.is game\game\release\game.tlog\link.write.1.tlog
c:\dev\shawarma.is game\game\release\game.tlog\rc.command.1.tlog
c:\dev\shawarma.is game\game\release\game.tlog\rc.read.1.tlog
c:\dev\shawarma.is game\game\release\game.tlog\rc.write.1.tlog
