  GameState.cpp
C:\Dev\Shawarma.is Game\Game\GameState.cpp(49,92): warning C4244: 'argument': conversion from 'T' to 'T', possible loss of data
          with
          [
              T=int
          ]
          and
          [
              T=float
          ]
C:\Dev\Shawarma.is Game\Game\GameState.cpp(49,61): warning C4244: 'argument': conversion from 'T' to 'T', possible loss of data
          with
          [
              T=int
          ]
          and
          [
              T=float
          ]
C:\Dev\Shawarma.is Game\Game\GameState.cpp(63,32): warning C4244: 'argument': conversion from 'unsigned int' to 'float', possible loss of data
C:\Dev\Shawarma.is Game\Game\GameState.cpp(64,66): warning C4244: 'argument': conversion from 'int' to 'float', possible loss of data
C:\Dev\Shawarma.is Game\Game\GameState.cpp(64,35): warning C4244: 'argument': conversion from 'int' to 'float', possible loss of data
C:\Dev\Shawarma.is Game\Game\GameState.cpp(70,85): warning C4244: 'argument': conversion from 'T' to 'float', possible loss of data
          with
          [
              T=unsigned int
          ]
C:\Dev\Shawarma.is Game\Game\GameState.cpp(70,47): warning C4244: 'argument': conversion from 'T' to 'float', possible loss of data
          with
          [
              T=unsigned int
          ]
C:\Dev\Shawarma.is Game\Game\GameState.cpp(88,40): warning C4244: 'argument': conversion from 'unsigned int' to 'float', possible loss of data
C:\Dev\Shawarma.is Game\Game\GameState.cpp(159,38): warning C4244: 'argument': conversion from 'unsigned int' to 'float', possible loss of data
  Game.vcxproj -> C:\Dev\Shawarma.is Game\Debug\Game.exe
